<?xml version="1.0" encoding="UTF-8"?>
<!-- Generated by org.testng.reporters.JUnitReportReporter -->
<testsuite hostname="DESKTOP-35GOPG2" failures="0" tests="1" name="local_api_test.Patch_Method_Test_01" time="1.276" errors="0" timestamp="2021-01-09T02:07:08 EST" skipped="0">
  <testcase classname="local_api_test.Patch_Method_Test_01" name="put_test_01" time="1.276"/>
  <system-out/>
</testsuite> <!-- local_api_test.Patch_Method_Test_01 -->
