<?xml version="1.0" encoding="UTF-8"?>
<!-- Generated by org.testng.reporters.JUnitReportReporter -->
<testsuite hostname="DESKTOP-35GOPG2" failures="0" tests="2" name="rest_api_test.Get_Method_Test_Class" time="5.945" errors="0" timestamp="2021-01-08T16:42:44 EST" skipped="0">
  <testcase classname="rest_api_test.Get_Method_Test_Class" name="test_01" time="3.550"/>
  <system-out/>
  <testcase classname="rest_api_test.Get_Method_Test_Class" name="test_02" time="2.395"/>
  <system-out/>
</testsuite> <!-- rest_api_test.Get_Method_Test_Class -->
