<?xml version="1.0" encoding="UTF-8"?>
<!-- Generated by org.testng.reporters.JUnitReportReporter -->
<testsuite hostname="DESKTOP-35GOPG2" failures="0" tests="1" name="rest_api_test.Post_Method_Test_01" time="0.017" errors="0" timestamp="2021-01-08T17:45:30 EST" skipped="0">
  <testcase classname="rest_api_test.Post_Method_Test_01" name="test_01" time="0.017"/>
  <system-out/>
</testsuite> <!-- rest_api_test.Post_Method_Test_01 -->
