<?xml version="1.0" encoding="UTF-8"?>
<!-- Generated by org.testng.reporters.JUnitReportReporter -->
<testsuite hostname="DESKTOP-35GOPG2" failures="0" tests="6" name="local_api_test.Post_Method_Test_03" time="1.682" errors="0" timestamp="2021-01-13T22:00:54 EST" skipped="0">
  <testcase classname="local_api_test.Post_Method_Test_03" name="post_Test_01" time="0.035"/>
  <system-out/>
  <testcase classname="local_api_test.Post_Method_Test_03" name="post_Test_01" time="0.041"/>
  <system-out/>
  <testcase classname="local_api_test.Post_Method_Test_03" name="post_Test_01" time="0.019"/>
  <system-out/>
  <testcase classname="local_api_test.Post_Method_Test_03" name="post_Test_01" time="0.019"/>
  <system-out/>
  <testcase classname="local_api_test.Post_Method_Test_03" name="post_Test_01" time="1.543"/>
  <system-out/>
  <testcase classname="local_api_test.Post_Method_Test_03" name="post_Test_01" time="0.025"/>
  <system-out/>
</testsuite> <!-- local_api_test.Post_Method_Test_03 -->
