<?xml version="1.0" encoding="UTF-8"?>
<!-- Generated by org.testng.reporters.JUnitReportReporter -->
<testsuite hostname="DESKTOP-35GOPG2" failures="0" tests="6" name="local_api_test.Get_Method_Test_01" time="1.510" errors="0" timestamp="2021-01-09T13:24:53 EST" skipped="0">
  <testcase classname="local_api_test.Get_Method_Test_01" name="get_Test_04" time="0.037"/>
  <system-out/>
  <testcase classname="local_api_test.Get_Method_Test_01" name="get_Test_01" time="1.347"/>
  <system-out/>
  <testcase classname="local_api_test.Get_Method_Test_01" name="get_Test_03" time="0.027"/>
  <system-out/>
  <testcase classname="local_api_test.Get_Method_Test_01" name="get_Test_02" time="0.038"/>
  <system-out/>
  <testcase classname="local_api_test.Get_Method_Test_01" name="get_Test_05" time="0.026"/>
  <system-out/>
  <testcase classname="local_api_test.Get_Method_Test_01" name="get_Test_06" time="0.035"/>
  <system-out/>
</testsuite> <!-- local_api_test.Get_Method_Test_01 -->
