<?xml version="1.0" encoding="UTF-8"?>
<!-- Generated by org.testng.reporters.JUnitReportReporter -->
<testsuite hostname="DESKTOP-35GOPG2" failures="0" tests="9" name="local_api_test.Post_Method_Test_01" time="1.465" errors="0" timestamp="2021-01-09T01:28:36 EST" skipped="0">
  <testcase classname="local_api_test.Post_Method_Test_01" name="post_Test_01" time="1.322"/>
  <system-out/>
  <testcase classname="local_api_test.Post_Method_Test_01" name="post_Test_09" time="0.013"/>
  <system-out/>
  <testcase classname="local_api_test.Post_Method_Test_01" name="post_Test_02" time="0.018"/>
  <system-out/>
  <testcase classname="local_api_test.Post_Method_Test_01" name="post_Test_03" time="0.019"/>
  <system-out/>
  <testcase classname="local_api_test.Post_Method_Test_01" name="post_Test_08" time="0.021"/>
  <system-out/>
  <testcase classname="local_api_test.Post_Method_Test_01" name="post_Test_06" time="0.020"/>
  <system-out/>
  <testcase classname="local_api_test.Post_Method_Test_01" name="post_Test_05" time="0.017"/>
  <system-out/>
  <testcase classname="local_api_test.Post_Method_Test_01" name="post_Test_04" time="0.019"/>
  <system-out/>
  <testcase classname="local_api_test.Post_Method_Test_01" name="post_Test_07" time="0.016"/>
  <system-out/>
</testsuite> <!-- local_api_test.Post_Method_Test_01 -->
