<?xml version="1.0" encoding="UTF-8"?>
<!-- Generated by org.testng.reporters.JUnitReportReporter -->
<testsuite hostname="DESKTOP-35GOPG2" failures="0" tests="1" name="local_api_test.Put_Method_Test_01" time="1.302" errors="0" timestamp="2021-01-09T01:57:41 EST" skipped="0">
  <testcase classname="local_api_test.Put_Method_Test_01" name="put_test_01" time="1.302"/>
  <system-out/>
</testsuite> <!-- local_api_test.Put_Method_Test_01 -->
