<?xml version="1.0" encoding="UTF-8"?>
<!-- Generated by org.testng.reporters.JUnitReportReporter -->
<testsuite hostname="DESKTOP-35GOPG2" failures="0" tests="1" name="local_api_test.Delete_method_Test_01" time="1.298" errors="0" timestamp="2021-01-09T02:02:26 EST" skipped="0">
  <testcase classname="local_api_test.Delete_method_Test_01" name="delete_test_01" time="1.298"/>
  <system-out/>
</testsuite> <!-- local_api_test.Delete_method_Test_01 -->
